<?xml version="1.0" encoding="UTF-8"?>
<!-- Generated by org.testng.reporters.JUnitReportReporter -->
<testsuite hostname="DESKTOP-JFFIHRB" name="first.Two" tests="1" failures="0" timestamp="31 May 2018 05:14:46 GMT" time="0.031" errors="0">
  <testcase name="f" time="0.031" classname="first.Two"/>
</testsuite> <!-- first.Two -->
