<?xml version="1.0" encoding="UTF-8"?>
<!-- Generated by org.testng.reporters.JUnitReportReporter -->
<testsuite hostname="DESKTOP-JFFIHRB" name="jiekou3.y.Thr" tests="1" failures="0" timestamp="31 May 2018 06:29:51 GMT" time="0.016" errors="0">
  <testcase name="aa" time="0.016" classname="jiekou3.y.Thr"/>
</testsuite> <!-- jiekou3.y.Thr -->
