<?xml version="1.0" encoding="UTF-8"?>
<!-- Generated by org.testng.reporters.JUnitReportReporter -->
<testsuite hostname="DESKTOP-JFFIHRB" name="first.First" tests="1" failures="0" timestamp="31 May 2018 04:15:42 GMT" time="0.015" errors="0">
  <testcase name="f" time="0.015" classname="first.First"/>
</testsuite> <!-- first.First -->
