<?xml version="1.0" encoding="UTF-8"?>
<!-- Generated by org.testng.reporters.JUnitReportReporter -->
<testsuite hostname="DESKTOP-JFFIHRB" name="first.First" tests="1" failures="0" timestamp="31 May 2018 03:19:33 GMT" time="0.031" errors="0">
  <testcase name="firstTest" time="0.031" classname="first.First"/>
</testsuite> <!-- first.First -->
